c:\users\pmr2\desktop\gameai\gameai\debug\vc120.pdb
c:\users\pmr2\desktop\gameai\gameai\debug\vc120.idb
c:\users\pmr2\desktop\gameai\gameai\debug\tank_b015194b.obj
c:\users\pmr2\desktop\gameai\gameai\debug\tank_b017444c.obj
c:\users\pmr2\desktop\gameai\gameai\debug\attackenemy_12008455.obj
c:\users\pmr2\desktop\gameai\gameai\debug\avoidenemy_12008455.obj
c:\users\pmr2\desktop\gameai\gameai\debug\collectpickup_12008455.obj
c:\users\pmr2\desktop\gameai\gameai\debug\fuzzystatemachine_12008455.obj
c:\users\pmr2\desktop\gameai\gameai\debug\hunt_12008455.obj
c:\users\pmr2\desktop\gameai\gameai\debug\tank_12008455.obj
c:\users\pmr2\desktop\gameai\gameai\debug\tank12025603.obj
c:\users\pmr2\desktop\gameai\gameai\debug\tank_l014269c.obj
c:\users\pmr2\desktop\gameai\gameai\debug\pathfinder_s015563c.obj
c:\users\pmr2\desktop\gameai\gameai\debug\tank_s015563c.obj
c:\users\pmr2\desktop\gameai\gameai\debug\tankmanager.obj
c:\users\pmr2\desktop\gameai\gameai\debug\texture2d.obj
c:\users\pmr2\desktop\gameai\gameai\debug\tinystr.obj
c:\users\pmr2\desktop\gameai\gameai\debug\tinyxml.obj
c:\users\pmr2\desktop\gameai\gameai\debug\tinyxmlerror.obj
c:\users\pmr2\desktop\gameai\gameai\debug\tinyxmlparser.obj
c:\users\pmr2\desktop\gameai\gameai\debug\waypoint.obj
c:\users\pmr2\desktop\gameai\gameai\debug\waypointmanager.obj
c:\users\pmr2\desktop\gameai\gameai\debug\pathfinder_r026405b.obj
c:\users\pmr2\desktop\gameai\gameai\debug\tank_r026405b.obj
c:\users\pmr2\desktop\gameai\gameai\debug\tank_e030421b.obj
c:\users\pmr2\desktop\gameai\gameai\debug\tank_c007841c.obj
c:\users\pmr2\desktop\gameai\gameai\debug\tank12021876.obj
c:\users\pmr2\desktop\gameai\gameai\debug\pathfinding_o014892c.obj
c:\users\pmr2\desktop\gameai\gameai\debug\tank_o014892c.obj
c:\users\pmr2\desktop\gameai\gameai\debug\astarnode_k013625c.obj
c:\users\pmr2\desktop\gameai\gameai\debug\edgecost_k013625c.obj
c:\users\pmr2\desktop\gameai\gameai\debug\pathfinder_k013625c.obj
c:\users\pmr2\desktop\gameai\gameai\debug\tank_k013625c.obj
c:\users\pmr2\desktop\gameai\gameai\debug\m017310b_astarpathfinder.obj
c:\users\pmr2\desktop\gameai\gameai\debug\tank_m017310b.obj
c:\users\pmr2\desktop\gameai\gameai\debug\o013580c.obj
c:\users\pmr2\desktop\gameai\gameai\debug\tankl013531c.obj
c:\users\pmr2\desktop\gameai\gameai\debug\fsm12031789.obj
c:\users\pmr2\desktop\gameai\gameai\debug\pathfinding12031789.obj
c:\users\pmr2\desktop\gameai\gameai\debug\steeringbehaviour12031789.obj
c:\users\pmr2\desktop\gameai\gameai\debug\tank12031789.obj
c:\users\pmr2\desktop\gameai\gameai\debug\pathfinding_b015194b.obj
c:\users\pmr2\desktop\gameai\gameai\debug\gamescreenmanager.obj
c:\users\pmr2\desktop\gameai\gameai\debug\levelmap.obj
c:\users\pmr2\desktop\gameai\gameai\debug\obstaclemanager.obj
c:\users\pmr2\desktop\gameai\gameai\debug\pickupmanager.obj
c:\users\pmr2\desktop\gameai\gameai\debug\projectile.obj
c:\users\pmr2\desktop\gameai\gameai\debug\projectilemanager.obj
c:\users\pmr2\desktop\gameai\gameai\debug\source.obj
c:\users\pmr2\desktop\gameai\gameai\debug\tank12005973.obj
c:\users\pmr2\desktop\gameai\gameai\debug\pathfinder_d016899c.obj
c:\users\pmr2\desktop\gameai\gameai\debug\tank_d016899c.obj
c:\users\pmr2\desktop\gameai\gameai\debug\tank_w007863c.obj
c:\users\pmr2\desktop\gameai\gameai\debug\tank_12006189c.obj
c:\users\pmr2\desktop\gameai\gameai\debug\tank_m010917c.obj
c:\users\pmr2\desktop\gameai\gameai\debug\pathfinder_b017191c.obj
c:\users\pmr2\desktop\gameai\gameai\debug\tank_b017191c.obj
c:\users\pmr2\desktop\gameai\gameai\debug\megatank11027634.obj
c:\users\pmr2\desktop\gameai\gameai\debug\steeringbehaviours11027634.obj
c:\users\pmr2\desktop\gameai\gameai\debug\aitank12010423.obj
c:\users\pmr2\desktop\gameai\gameai\debug\behavior12010423.obj
c:\users\pmr2\desktop\gameai\gameai\debug\pathfinder12010423.obj
c:\users\pmr2\desktop\gameai\gameai\debug\aitank.obj
c:\users\pmr2\desktop\gameai\gameai\debug\pathfinder.obj
c:\users\pmr2\desktop\gameai\gameai\debug\steeringbehaviours.obj
c:\users\pmr2\desktop\gameai\gameai\debug\basetank.obj
c:\users\pmr2\desktop\gameai\gameai\debug\collisions.obj
c:\users\pmr2\desktop\gameai\gameai\debug\controlledtank.obj
c:\users\pmr2\desktop\gameai\gameai\debug\dumbtank.obj
c:\users\pmr2\desktop\gameai\gameai\debug\gameobject.obj
c:\users\pmr2\desktop\gameai\gameai\debug\gamescreen.obj
c:\users\pmr2\desktop\gameai\gameai\debug\gamescreenlevel1.obj
c:\users\pmr2\desktop\gameai\debug\gameai.pdb
c:\users\pmr2\desktop\gameai\debug\gameai.exe
c:\users\pmr2\desktop\gameai\debug\gameai.ilk
c:\users\pmr2\desktop\gameai\gameai\debug\gameai.tlog\cl.command.1.tlog
c:\users\pmr2\desktop\gameai\gameai\debug\gameai.tlog\cl.read.1.tlog
c:\users\pmr2\desktop\gameai\gameai\debug\gameai.tlog\cl.write.1.tlog
c:\users\pmr2\desktop\gameai\gameai\debug\gameai.tlog\link.command.1.tlog
c:\users\pmr2\desktop\gameai\gameai\debug\gameai.tlog\link.read.1.tlog
c:\users\pmr2\desktop\gameai\gameai\debug\gameai.tlog\link.write.1.tlog
